-------------------------------------------------------------------------------
Test set: TestSuite
-------------------------------------------------------------------------------
Tests run: 2, Failures: 1, Errors: 0, Skipped: 0, Time elapsed: 26.11 s <<< FAILURE! - in TestSuite
runScenario(com.w2a.APITestingFramework.cuke.runner.RunCuke)  Time elapsed: 8.551 s  <<< FAILURE!
java.lang.AssertionError: expected [300] but found [200]

